# JRE version: Java(TM) SE Runtime Environment (7.0_71-b14) (build 1.7.0_71-b14)
# Java VM: Java HotSpot(TM) 64-Bit Server VM (24.71-b01 mixed mode windows-amd64 compressed oops)
Heap
 PSYoungGen      total 82432K, used 69962K [0x00000000f0000000, 0x00000000f6e00000, 0x0000000100000000)
  eden space 67584K, 87% used [0x00000000f0000000,0x00000000f39afc78,0x00000000f4200000)
  from space 14848K, 73% used [0x00000000f4200000,0x00000000f4ca2d38,0x00000000f5080000)
  to   space 15872K, 0% used [0x00000000f5e80000,0x00000000f5e80000,0x00000000f6e00000)
 ParOldGen       total 98304K, used 8797K [0x00000000d0000000, 0x00000000d6000000, 0x00000000f0000000)
  object space 98304K, 8% used [0x00000000d0000000,0x00000000d08974d8,0x00000000d6000000)
 PSPermGen       total 23552K, used 23129K [0x00000000c0000000, 0x00000000c1700000, 0x00000000d0000000)
  object space 23552K, 98% used [0x00000000c0000000,0x00000000c1696610,0x00000000c1700000)
GC Heap History (10 events):
Event: 6.608 GC heap before
{Heap before GC invocations=18 (full 3):
 PSYoungGen      total 54784K, used 49312K [0x00000000f0000000, 0x00000000f4280000, 0x0000000100000000)
  eden space 45568K, 90% used [0x00000000f0000000,0x00000000f2835648,0x00000000f2c80000)
  from space 9216K, 88% used [0x00000000f3700000,0x00000000f3ef2af8,0x00000000f4000000)
  to   space 10752K, 0% used [0x00000000f2c80000,0x00000000f2c80000,0x00000000f3700000)
 ParOldGen       total 98304K, used 8789K [0x00000000d0000000, 0x00000000d6000000, 0x00000000f0000000)
  object space 98304K, 8% used [0x00000000d0000000,0x00000000d08954d8,0x00000000d6000000)
 PSPermGen       total 21504K, used 19564K [0x00000000c0000000, 0x00000000c1500000, 0x00000000d0000000)
  object space 21504K, 90% used [0x00000000c0000000,0x00000000c131b008,0x00000000c1500000)
Event: 6.627 GC heap after
Heap after GC invocations=18 (full 3):
 PSYoungGen      total 56320K, used 8239K [0x00000000f0000000, 0x00000000f5000000, 0x0000000100000000)
  eden space 45568K, 0% used [0x00000000f0000000,0x00000000f0000000,0x00000000f2c80000)
  from space 10752K, 76% used [0x00000000f2c80000,0x00000000f348bce0,0x00000000f3700000)
  to   space 11776K, 0% used [0x00000000f4480000,0x00000000f4480000,0x00000000f5000000)
 ParOldGen       total 98304K, used 8789K [0x00000000d0000000, 0x00000000d6000000, 0x00000000f0000000)
  object space 98304K, 8% used [0x00000000d0000000,0x00000000d08954d8,0x00000000d6000000)
 PSPermGen       total 21504K, used 19564K [0x00000000c0000000, 0x00000000c1500000, 0x00000000d0000000)
  object space 21504K, 90% used [0x00000000c0000000,0x00000000c131b008,0x00000000c1500000)
}
Event: 6.805 GC heap before
{Heap before GC invocations=19 (full 3):
 PSYoungGen      total 56320K, used 50625K [0x00000000f0000000, 0x00000000f5000000, 0x0000000100000000)
  eden space 45568K, 93% used [0x00000000f0000000,0x00000000f29649e8,0x00000000f2c80000)
  from space 10752K, 76% used [0x00000000f2c80000,0x00000000f348bce0,0x00000000f3700000)
  to   space 11776K, 0% used [0x00000000f4480000,0x00000000f4480000,0x00000000f5000000)
 ParOldGen       total 98304K, used 8789K [0x00000000d0000000, 0x00000000d6000000, 0x00000000f0000000)
  object space 98304K, 8% used [0x00000000d0000000,0x00000000d08954d8,0x00000000d6000000)
 PSPermGen       total 21504K, used 20117K [0x00000000c0000000, 0x00000000c1500000, 0x00000000d0000000)
  object space 21504K, 93% used [0x00000000c0000000,0x00000000c13a56e0,0x00000000c1500000)
Event: 6.818 GC heap after
Heap after GC invocations=19 (full 3):
 PSYoungGen      total 69632K, used 8637K [0x00000000f0000000, 0x00000000f5100000, 0x0000000100000000)
  eden space 57856K, 0% used [0x00000000f0000000,0x00000000f0000000,0x00000000f3880000)
  from space 11776K, 73% used [0x00000000f4480000,0x00000000f4cef558,0x00000000f5000000)
  to   space 12288K, 0% used [0x00000000f3880000,0x00000000f3880000,0x00000000f4480000)
 ParOldGen       total 98304K, used 8789K [0x00000000d0000000, 0x00000000d6000000, 0x00000000f0000000)
  object space 98304K, 8% used [0x00000000d0000000,0x00000000d08954d8,0x00000000d6000000)
 PSPermGen       total 21504K, used 20117K [0x00000000c0000000, 0x00000000c1500000, 0x00000000d0000000)
  object space 21504K, 93% used [0x00000000c0000000,0x00000000c13a56e0,0x00000000c1500000)
}
Event: 7.153 GC heap before
{Heap before GC invocations=20 (full 3):
 PSYoungGen      total 69632K, used 65175K [0x00000000f0000000, 0x00000000f5100000, 0x0000000100000000)
  eden space 57856K, 97% used [0x00000000f0000000,0x00000000f3736870,0x00000000f3880000)
  from space 11776K, 73% used [0x00000000f4480000,0x00000000f4cef558,0x00000000f5000000)
  to   space 12288K, 0% used [0x00000000f3880000,0x00000000f3880000,0x00000000f4480000)
 ParOldGen       total 98304K, used 8789K [0x00000000d0000000, 0x00000000d6000000, 0x00000000f0000000)
  object space 98304K, 8% used [0x00000000d0000000,0x00000000d08954d8,0x00000000d6000000)
 PSPermGen       total 22016K, used 21624K [0x00000000c0000000, 0x00000000c1580000, 0x00000000d0000000)
  object space 22016K, 98% used [0x00000000c0000000,0x00000000c151e160,0x00000000c1580000)
Event: 7.177 GC heap after
Heap after GC invocations=20 (full 3):
 PSYoungGen      total 70144K, used 9794K [0x00000000f0000000, 0x00000000f5d80000, 0x0000000100000000)
  eden space 57856K, 0% used [0x00000000f0000000,0x00000000f0000000,0x00000000f3880000)
  from space 12288K, 79% used [0x00000000f3880000,0x00000000f4210980,0x00000000f4480000)
  to   space 13312K, 0% used [0x00000000f5080000,0x00000000f5080000,0x00000000f5d80000)
 ParOldGen       total 98304K, used 8789K [0x00000000d0000000, 0x00000000d6000000, 0x00000000f0000000)
  object space 98304K, 8% used [0x00000000d0000000,0x00000000d08954d8,0x00000000d6000000)
 PSPermGen       total 22016K, used 21624K [0x00000000c0000000, 0x00000000c1580000, 0x00000000d0000000)
  object space 22016K, 98% used [0x00000000c0000000,0x00000000c151e160,0x00000000c1580000)
}
Event: 7.611 GC heap before
{Heap before GC invocations=21 (full 3):
 PSYoungGen      total 70144K, used 64317K [0x00000000f0000000, 0x00000000f5d80000, 0x0000000100000000)
  eden space 57856K, 94% used [0x00000000f0000000,0x00000000f353ec58,0x00000000f3880000)
  from space 12288K, 79% used [0x00000000f3880000,0x00000000f4210980,0x00000000f4480000)
  to   space 13312K, 0% used [0x00000000f5080000,0x00000000f5080000,0x00000000f5d80000)
 ParOldGen       total 98304K, used 8789K [0x00000000d0000000, 0x00000000d6000000, 0x00000000f0000000)
  object space 98304K, 8% used [0x00000000d0000000,0x00000000d08954d8,0x00000000d6000000)
 PSPermGen       total 22528K, used 22017K [0x00000000c0000000, 0x00000000c1600000, 0x00000000d0000000)
  object space 22528K, 97% used [0x00000000c0000000,0x00000000c15805d0,0x00000000c1600000)
Event: 7.630 GC heap after
Heap after GC invocations=21 (full 3):
 PSYoungGen      total 80896K, used 10246K [0x00000000f0000000, 0x00000000f6000000, 0x0000000100000000)
  eden space 67584K, 0% used [0x00000000f0000000,0x00000000f0000000,0x00000000f4200000)
  from space 13312K, 76% used [0x00000000f5080000,0x00000000f5a818e8,0x00000000f5d80000)
  to   space 14848K, 0% used [0x00000000f4200000,0x00000000f4200000,0x00000000f5080000)
 ParOldGen       total 98304K, used 8797K [0x00000000d0000000, 0x00000000d6000000, 0x00000000f0000000)
  object space 98304K, 8% used [0x00000000d0000000,0x00000000d08974d8,0x00000000d6000000)
 PSPermGen       total 22528K, used 22017K [0x00000000c0000000, 0x00000000c1600000, 0x00000000d0000000)
  object space 22528K, 97% used [0x00000000c0000000,0x00000000c15805d0,0x00000000c1600000)
}
Event: 7.800 GC heap before
{Heap before GC invocations=22 (full 3):
 PSYoungGen      total 80896K, used 76679K [0x00000000f0000000, 0x00000000f6000000, 0x0000000100000000)
  eden space 67584K, 98% used [0x00000000f0000000,0x00000000f40e0458,0x00000000f4200000)
  from space 13312K, 76% used [0x00000000f5080000,0x00000000f5a818e8,0x00000000f5d80000)
  to   space 14848K, 0% used [0x00000000f4200000,0x00000000f4200000,0x00000000f5080000)
 ParOldGen       total 98304K, used 8797K [0x00000000d0000000, 0x00000000d6000000, 0x00000000f0000000)
  object space 98304K, 8% used [0x00000000d0000000,0x00000000d08974d8,0x00000000d6000000)
 PSPermGen       total 23040K, used 22683K [0x00000000c0000000, 0x00000000c1680000, 0x00000000d0000000)
  object space 23040K, 98% used [0x00000000c0000000,0x00000000c1626d88,0x00000000c1680000)
Event: 7.816 GC heap after
Heap after GC invocations=22 (full 3):
 PSYoungGen      total 82432K, used 10891K [0x00000000f0000000, 0x00000000f6e00000, 0x0000000100000000)
  eden space 67584K, 0% used [0x00000000f0000000,0x00000000f0000000,0x00000000f4200000)
  from space 14848K, 73% used [0x00000000f4200000,0x00000000f4ca2d38,0x00000000f5080000)
  to   space 15872K, 0% used [0x00000000f5e80000,0x00000000f5e80000,0x00000000f6e00000)
 ParOldGen       total 98304K, used 8797K [0x00000000d0000000, 0x00000000d6000000, 0x00000000f0000000)
  object space 98304K, 8% used [0x00000000d0000000,0x00000000d08974d8,0x00000000d6000000)
 PSPermGen       total 23040K, used 22683K [0x00000000c0000000, 0x00000000c1680000, 0x00000000d0000000)
  object space 23040K, 98% used [0x00000000c0000000,0x00000000c1626d88,0x00000000c1680000)
}

