# JRE version: Java(TM) SE Runtime Environment (7.0_71-b14) (build 1.7.0_71-b14)
# Java VM: Java HotSpot(TM) 64-Bit Server VM (24.71-b01 mixed mode windows-amd64 compressed oops)
Heap
 PSYoungGen      total 243200K, used 114348K [0x00000000f0000000, 0x0000000100000000, 0x0000000100000000)
  eden space 226304K, 43% used [0x00000000f0000000,0x00000000f5f2eac0,0x00000000fdd00000)
  from space 16896K, 99% used [0x00000000fdd00000,0x00000000fed7c908,0x00000000fed80000)
  to   space 18944K, 0% used [0x00000000fed80000,0x00000000fed80000,0x0000000100000000)
 ParOldGen       total 79872K, used 43484K [0x00000000d0000000, 0x00000000d4e00000, 0x00000000f0000000)
  object space 79872K, 54% used [0x00000000d0000000,0x00000000d2a77078,0x00000000d4e00000)
 PSPermGen       total 43520K, used 43393K [0x00000000c0000000, 0x00000000c2a80000, 0x00000000d0000000)
  object space 43520K, 99% used [0x00000000c0000000,0x00000000c2a605f8,0x00000000c2a80000)
GC Heap History (10 events):
Event: 22.514 GC heap before
{Heap before GC invocations=10 (full 0):
 PSYoungGen      total 143360K, used 143345K [0x00000000f0000000, 0x00000000ff300000, 0x0000000100000000)
  eden space 133632K, 100% used [0x00000000f0000000,0x00000000f8280000,0x00000000f8280000)
  from space 9728K, 99% used [0x00000000f8280000,0x00000000f8bfc4c8,0x00000000f8c00000)
  to   space 17408K, 0% used [0x00000000fe200000,0x00000000fe200000,0x00000000ff300000)
 ParOldGen       total 44032K, used 28508K [0x00000000d0000000, 0x00000000d2b00000, 0x00000000f0000000)
  object space 44032K, 64% used [0x00000000d0000000,0x00000000d1bd71d8,0x00000000d2b00000)
 PSPermGen       total 32768K, used 31744K [0x00000000c0000000, 0x00000000c2000000, 0x00000000d0000000)
  object space 32768K, 96% used [0x00000000c0000000,0x00000000c1f00268,0x00000000c2000000)
Event: 22.565 GC heap after
Heap after GC invocations=10 (full 0):
 PSYoungGen      total 230400K, used 14428K [0x00000000f0000000, 0x00000000ff500000, 0x0000000100000000)
  eden space 212992K, 0% used [0x00000000f0000000,0x00000000f0000000,0x00000000fd000000)
  from space 17408K, 82% used [0x00000000fe200000,0x00000000ff017048,0x00000000ff300000)
  to   space 18432K, 0% used [0x00000000fd000000,0x00000000fd000000,0x00000000fe200000)
 ParOldGen       total 44032K, used 31094K [0x00000000d0000000, 0x00000000d2b00000, 0x00000000f0000000)
  object space 44032K, 70% used [0x00000000d0000000,0x00000000d1e5da28,0x00000000d2b00000)
 PSPermGen       total 32768K, used 31744K [0x00000000c0000000, 0x00000000c2000000, 0x00000000d0000000)
  object space 32768K, 96% used [0x00000000c0000000,0x00000000c1f00268,0x00000000c2000000)
}
Event: 25.680 GC heap before
{Heap before GC invocations=11 (full 0):
 PSYoungGen      total 230400K, used 218001K [0x00000000f0000000, 0x00000000ff500000, 0x0000000100000000)
  eden space 212992K, 95% used [0x00000000f0000000,0x00000000fc6cd788,0x00000000fd000000)
  from space 17408K, 82% used [0x00000000fe200000,0x00000000ff017048,0x00000000ff300000)
  to   space 18432K, 0% used [0x00000000fd000000,0x00000000fd000000,0x00000000fe200000)
 ParOldGen       total 44032K, used 31094K [0x00000000d0000000, 0x00000000d2b00000, 0x00000000f0000000)
  object space 44032K, 70% used [0x00000000d0000000,0x00000000d1e5da28,0x00000000d2b00000)
 PSPermGen       total 34816K, used 34592K [0x00000000c0000000, 0x00000000c2200000, 0x00000000d0000000)
  object space 34816K, 99% used [0x00000000c0000000,0x00000000c21c83a8,0x00000000c2200000)
Event: 25.729 GC heap after
Heap after GC invocations=11 (full 0):
 PSYoungGen      total 231424K, used 9104K [0x00000000f0000000, 0x00000000fff00000, 0x0000000100000000)
  eden space 212992K, 0% used [0x00000000f0000000,0x00000000f0000000,0x00000000fd000000)
  from space 18432K, 49% used [0x00000000fd000000,0x00000000fd8e4250,0x00000000fe200000)
  to   space 17408K, 0% used [0x00000000fee00000,0x00000000fee00000,0x00000000fff00000)
 ParOldGen       total 44544K, used 44039K [0x00000000d0000000, 0x00000000d2b80000, 0x00000000f0000000)
  object space 44544K, 98% used [0x00000000d0000000,0x00000000d2b01c80,0x00000000d2b80000)
 PSPermGen       total 34816K, used 34592K [0x00000000c0000000, 0x00000000c2200000, 0x00000000d0000000)
  object space 34816K, 99% used [0x00000000c0000000,0x00000000c21c83a8,0x00000000c2200000)
}
Event: 25.730 GC heap before
{Heap before GC invocations=12 (full 1):
 PSYoungGen      total 231424K, used 9104K [0x00000000f0000000, 0x00000000fff00000, 0x0000000100000000)
  eden space 212992K, 0% used [0x00000000f0000000,0x00000000f0000000,0x00000000fd000000)
  from space 18432K, 49% used [0x00000000fd000000,0x00000000fd8e4250,0x00000000fe200000)
  to   space 17408K, 0% used [0x00000000fee00000,0x00000000fee00000,0x00000000fff00000)
 ParOldGen       total 44544K, used 44039K [0x00000000d0000000, 0x00000000d2b80000, 0x00000000f0000000)
  object space 44544K, 98% used [0x00000000d0000000,0x00000000d2b01c80,0x00000000d2b80000)
 PSPermGen       total 34816K, used 34592K [0x00000000c0000000, 0x00000000c2200000, 0x00000000d0000000)
  object space 34816K, 99% used [0x00000000c0000000,0x00000000c21c83a8,0x00000000c2200000)
Event: 26.172 GC heap after
Heap after GC invocations=12 (full 1):
 PSYoungGen      total 231424K, used 0K [0x00000000f0000000, 0x00000000fff00000, 0x0000000100000000)
  eden space 212992K, 0% used [0x00000000f0000000,0x00000000f0000000,0x00000000fd000000)
  from space 18432K, 0% used [0x00000000fd000000,0x00000000fd000000,0x00000000fe200000)
  to   space 17408K, 0% used [0x00000000fee00000,0x00000000fee00000,0x00000000fff00000)
 ParOldGen       total 79872K, used 42754K [0x00000000d0000000, 0x00000000d4e00000, 0x00000000f0000000)
  object space 79872K, 53% used [0x00000000d0000000,0x00000000d29c0bf8,0x00000000d4e00000)
 PSPermGen       total 34816K, used 34577K [0x00000000c0000000, 0x00000000c2200000, 0x00000000d0000000)
  object space 34816K, 99% used [0x00000000c0000000,0x00000000c21c4678,0x00000000c2200000)
}
Event: 29.862 GC heap before
{Heap before GC invocations=13 (full 1):
 PSYoungGen      total 231424K, used 212992K [0x00000000f0000000, 0x00000000fff00000, 0x0000000100000000)
  eden space 212992K, 100% used [0x00000000f0000000,0x00000000fd000000,0x00000000fd000000)
  from space 18432K, 0% used [0x00000000fd000000,0x00000000fd000000,0x00000000fe200000)
  to   space 17408K, 0% used [0x00000000fee00000,0x00000000fee00000,0x00000000fff00000)
 ParOldGen       total 79872K, used 42754K [0x00000000d0000000, 0x00000000d4e00000, 0x00000000f0000000)
  object space 79872K, 53% used [0x00000000d0000000,0x00000000d29c0bf8,0x00000000d4e00000)
 PSPermGen       total 37888K, used 37760K [0x00000000c0000000, 0x00000000c2500000, 0x00000000d0000000)
  object space 37888K, 99% used [0x00000000c0000000,0x00000000c24e0240,0x00000000c2500000)
Event: 29.879 GC heap after
Heap after GC invocations=13 (full 1):
 PSYoungGen      total 242688K, used 9389K [0x00000000f0000000, 0x00000000ffe00000, 0x0000000100000000)
  eden space 226304K, 0% used [0x00000000f0000000,0x00000000f0000000,0x00000000fdd00000)
  from space 16384K, 57% used [0x00000000fee00000,0x00000000ff72b7c0,0x00000000ffe00000)
  to   space 16896K, 0% used [0x00000000fdd00000,0x00000000fdd00000,0x00000000fed80000)
 ParOldGen       total 79872K, used 42754K [0x00000000d0000000, 0x00000000d4e00000, 0x00000000f0000000)
  object space 79872K, 53% used [0x00000000d0000000,0x00000000d29c0bf8,0x00000000d4e00000)
 PSPermGen       total 37888K, used 37760K [0x00000000c0000000, 0x00000000c2500000, 0x00000000d0000000)
  object space 37888K, 99% used [0x00000000c0000000,0x00000000c24e0240,0x00000000c2500000)
}
Event: 31.493 GC heap before
{Heap before GC invocations=14 (full 1):
 PSYoungGen      total 242688K, used 235693K [0x00000000f0000000, 0x00000000ffe00000, 0x0000000100000000)
  eden space 226304K, 100% used [0x00000000f0000000,0x00000000fdd00000,0x00000000fdd00000)
  from space 16384K, 57% used [0x00000000fee00000,0x00000000ff72b7c0,0x00000000ffe00000)
  to   space 16896K, 0% used [0x00000000fdd00000,0x00000000fdd00000,0x00000000fed80000)
 ParOldGen       total 79872K, used 42754K [0x00000000d0000000, 0x00000000d4e00000, 0x00000000f0000000)
  object space 79872K, 53% used [0x00000000d0000000,0x00000000d29c0bf8,0x00000000d4e00000)
 PSPermGen       total 41472K, used 41252K [0x00000000c0000000, 0x00000000c2880000, 0x00000000d0000000)
  object space 41472K, 99% used [0x00000000c0000000,0x00000000c2849010,0x00000000c2880000)
Event: 31.512 GC heap after
Heap after GC invocations=14 (full 1):
 PSYoungGen      total 243200K, used 16882K [0x00000000f0000000, 0x0000000100000000, 0x0000000100000000)
  eden space 226304K, 0% used [0x00000000f0000000,0x00000000f0000000,0x00000000fdd00000)
  from space 16896K, 99% used [0x00000000fdd00000,0x00000000fed7c908,0x00000000fed80000)
  to   space 18944K, 0% used [0x00000000fed80000,0x00000000fed80000,0x0000000100000000)
 ParOldGen       total 79872K, used 43484K [0x00000000d0000000, 0x00000000d4e00000, 0x00000000f0000000)
  object space 79872K, 54% used [0x00000000d0000000,0x00000000d2a77078,0x00000000d4e00000)
 PSPermGen       total 41472K, used 41252K [0x00000000c0000000, 0x00000000c2880000, 0x00000000d0000000)
  object space 41472K, 99% used [0x00000000c0000000,0x00000000c2849010,0x00000000c2880000)
}

