# JRE version: Java(TM) SE Runtime Environment (7.0_71-b14) (build 1.7.0_71-b14)
# Java VM: Java HotSpot(TM) 64-Bit Server VM (24.71-b01 mixed mode windows-amd64 compressed oops)
Heap
 PSYoungGen      total 241664K, used 213136K [0x00000000f0000000, 0x0000000100000000, 0x0000000100000000)
  eden space 226304K, 87% used [0x00000000f0000000,0x00000000fc127fc8,0x00000000fdd00000)
  from space 15360K, 99% used [0x00000000ff100000,0x00000000ffffc418,0x0000000100000000)
  to   space 17920K, 0% used [0x00000000fdd00000,0x00000000fdd00000,0x00000000fee80000)
 ParOldGen       total 75264K, used 41633K [0x00000000d0000000, 0x00000000d4980000, 0x00000000f0000000)
  object space 75264K, 55% used [0x00000000d0000000,0x00000000d28a8450,0x00000000d4980000)
 PSPermGen       total 69120K, used 44916K [0x00000000c0000000, 0x00000000c4380000, 0x00000000d0000000)
  object space 69120K, 64% used [0x00000000c0000000,0x00000000c2bdd158,0x00000000c4380000)
GC Heap History (10 events):
Event: 16.721 GC heap before
{Heap before GC invocations=11 (full 0):
 PSYoungGen      total 224768K, used 216923K [0x00000000f0000000, 0x00000000fe780000, 0x0000000100000000)
  eden space 212480K, 100% used [0x00000000f0000000,0x00000000fcf80000,0x00000000fcf80000)
  from space 12288K, 36% used [0x00000000fdb80000,0x00000000fdfd6e70,0x00000000fe780000)
  to   space 12288K, 0% used [0x00000000fcf80000,0x00000000fcf80000,0x00000000fdb80000)
 ParOldGen       total 44032K, used 28066K [0x00000000d0000000, 0x00000000d2b00000, 0x00000000f0000000)
  object space 44032K, 63% used [0x00000000d0000000,0x00000000d1b68a48,0x00000000d2b00000)
 PSPermGen       total 32768K, used 31312K [0x00000000c0000000, 0x00000000c2000000, 0x00000000d0000000)
  object space 32768K, 95% used [0x00000000c0000000,0x00000000c1e94090,0x00000000c2000000)
Event: 16.760 GC heap after
Heap after GC invocations=11 (full 0):
 PSYoungGen      total 224768K, used 12266K [0x00000000f0000000, 0x0000000100000000, 0x0000000100000000)
  eden space 212480K, 0% used [0x00000000f0000000,0x00000000f0000000,0x00000000fcf80000)
  from space 12288K, 99% used [0x00000000fcf80000,0x00000000fdb7aa60,0x00000000fdb80000)
  to   space 14848K, 0% used [0x00000000ff180000,0x00000000ff180000,0x0000000100000000)
 ParOldGen       total 44032K, used 31663K [0x00000000d0000000, 0x00000000d2b00000, 0x00000000f0000000)
  object space 44032K, 71% used [0x00000000d0000000,0x00000000d1eebc18,0x00000000d2b00000)
 PSPermGen       total 32768K, used 31312K [0x00000000c0000000, 0x00000000c2000000, 0x00000000d0000000)
  object space 32768K, 95% used [0x00000000c0000000,0x00000000c1e94090,0x00000000c2000000)
}
Event: 21.249 GC heap before
{Heap before GC invocations=12 (full 0):
 PSYoungGen      total 224768K, used 221172K [0x00000000f0000000, 0x0000000100000000, 0x0000000100000000)
  eden space 212480K, 98% used [0x00000000f0000000,0x00000000fcc02630,0x00000000fcf80000)
  from space 12288K, 99% used [0x00000000fcf80000,0x00000000fdb7aa60,0x00000000fdb80000)
  to   space 14848K, 0% used [0x00000000ff180000,0x00000000ff180000,0x0000000100000000)
 ParOldGen       total 44032K, used 31663K [0x00000000d0000000, 0x00000000d2b00000, 0x00000000f0000000)
  object space 44032K, 71% used [0x00000000d0000000,0x00000000d1eebc18,0x00000000d2b00000)
 PSPermGen       total 34816K, used 34367K [0x00000000c0000000, 0x00000000c2200000, 0x00000000d0000000)
  object space 34816K, 98% used [0x00000000c0000000,0x00000000c218fc60,0x00000000c2200000)
Event: 21.288 GC heap after
Heap after GC invocations=12 (full 0):
 PSYoungGen      total 246272K, used 10263K [0x00000000f0000000, 0x0000000100000000, 0x0000000100000000)
  eden space 231424K, 0% used [0x00000000f0000000,0x00000000f0000000,0x00000000fe200000)
  from space 14848K, 69% used [0x00000000ff180000,0x00000000ffb85ce0,0x0000000100000000)
  to   space 15360K, 0% used [0x00000000fe200000,0x00000000fe200000,0x00000000ff100000)
 ParOldGen       total 44032K, used 42819K [0x00000000d0000000, 0x00000000d2b00000, 0x00000000f0000000)
  object space 44032K, 97% used [0x00000000d0000000,0x00000000d29d0d18,0x00000000d2b00000)
 PSPermGen       total 34816K, used 34367K [0x00000000c0000000, 0x00000000c2200000, 0x00000000d0000000)
  object space 34816K, 98% used [0x00000000c0000000,0x00000000c218fc60,0x00000000c2200000)
}
Event: 21.288 GC heap before
{Heap before GC invocations=13 (full 1):
 PSYoungGen      total 246272K, used 10263K [0x00000000f0000000, 0x0000000100000000, 0x0000000100000000)
  eden space 231424K, 0% used [0x00000000f0000000,0x00000000f0000000,0x00000000fe200000)
  from space 14848K, 69% used [0x00000000ff180000,0x00000000ffb85ce0,0x0000000100000000)
  to   space 15360K, 0% used [0x00000000fe200000,0x00000000fe200000,0x00000000ff100000)
 ParOldGen       total 44032K, used 42819K [0x00000000d0000000, 0x00000000d2b00000, 0x00000000f0000000)
  object space 44032K, 97% used [0x00000000d0000000,0x00000000d29d0d18,0x00000000d2b00000)
 PSPermGen       total 34816K, used 34367K [0x00000000c0000000, 0x00000000c2200000, 0x00000000d0000000)
  object space 34816K, 98% used [0x00000000c0000000,0x00000000c218fc60,0x00000000c2200000)
Event: 21.711 GC heap after
Heap after GC invocations=13 (full 1):
 PSYoungGen      total 246272K, used 0K [0x00000000f0000000, 0x0000000100000000, 0x0000000100000000)
  eden space 231424K, 0% used [0x00000000f0000000,0x00000000f0000000,0x00000000fe200000)
  from space 14848K, 0% used [0x00000000ff180000,0x00000000ff180000,0x0000000100000000)
  to   space 15360K, 0% used [0x00000000fe200000,0x00000000fe200000,0x00000000ff100000)
 ParOldGen       total 75264K, used 39145K [0x00000000d0000000, 0x00000000d4980000, 0x00000000f0000000)
  object space 75264K, 52% used [0x00000000d0000000,0x00000000d263a4c0,0x00000000d4980000)
 PSPermGen       total 69120K, used 34354K [0x00000000c0000000, 0x00000000c4380000, 0x00000000d0000000)
  object space 69120K, 49% used [0x00000000c0000000,0x00000000c218cb00,0x00000000c4380000)
}
Event: 24.531 GC heap before
{Heap before GC invocations=14 (full 1):
 PSYoungGen      total 246272K, used 231424K [0x00000000f0000000, 0x0000000100000000, 0x0000000100000000)
  eden space 231424K, 100% used [0x00000000f0000000,0x00000000fe200000,0x00000000fe200000)
  from space 14848K, 0% used [0x00000000ff180000,0x00000000ff180000,0x0000000100000000)
  to   space 15360K, 0% used [0x00000000fe200000,0x00000000fe200000,0x00000000ff100000)
 ParOldGen       total 75264K, used 39145K [0x00000000d0000000, 0x00000000d4980000, 0x00000000f0000000)
  object space 75264K, 52% used [0x00000000d0000000,0x00000000d263a4c0,0x00000000d4980000)
 PSPermGen       total 69120K, used 38142K [0x00000000c0000000, 0x00000000c4380000, 0x00000000d0000000)
  object space 69120K, 55% used [0x00000000c0000000,0x00000000c253f998,0x00000000c4380000)
Event: 24.554 GC heap after
Heap after GC invocations=14 (full 1):
 PSYoungGen      total 246784K, used 9739K [0x00000000f0000000, 0x0000000100000000, 0x0000000100000000)
  eden space 231424K, 0% used [0x00000000f0000000,0x00000000f0000000,0x00000000fe200000)
  from space 15360K, 63% used [0x00000000fe200000,0x00000000feb82c08,0x00000000ff100000)
  to   space 15360K, 0% used [0x00000000ff100000,0x00000000ff100000,0x0000000100000000)
 ParOldGen       total 75264K, used 39145K [0x00000000d0000000, 0x00000000d4980000, 0x00000000f0000000)
  object space 75264K, 52% used [0x00000000d0000000,0x00000000d263a4c0,0x00000000d4980000)
 PSPermGen       total 69120K, used 38142K [0x00000000c0000000, 0x00000000c4380000, 0x00000000d0000000)
  object space 69120K, 55% used [0x00000000c0000000,0x00000000c253f998,0x00000000c4380000)
}
Event: 26.333 GC heap before
{Heap before GC invocations=15 (full 1):
 PSYoungGen      total 246784K, used 241163K [0x00000000f0000000, 0x0000000100000000, 0x0000000100000000)
  eden space 231424K, 100% used [0x00000000f0000000,0x00000000fe200000,0x00000000fe200000)
  from space 15360K, 63% used [0x00000000fe200000,0x00000000feb82c08,0x00000000ff100000)
  to   space 15360K, 0% used [0x00000000ff100000,0x00000000ff100000,0x0000000100000000)
 ParOldGen       total 75264K, used 39145K [0x00000000d0000000, 0x00000000d4980000, 0x00000000f0000000)
  object space 75264K, 52% used [0x00000000d0000000,0x00000000d263a4c0,0x00000000d4980000)
 PSPermGen       total 69120K, used 41661K [0x00000000c0000000, 0x00000000c4380000, 0x00000000d0000000)
  object space 69120K, 60% used [0x00000000c0000000,0x00000000c28af4c0,0x00000000c4380000)
Event: 26.365 GC heap after
Heap after GC invocations=15 (full 1):
 PSYoungGen      total 241664K, used 15345K [0x00000000f0000000, 0x0000000100000000, 0x0000000100000000)
  eden space 226304K, 0% used [0x00000000f0000000,0x00000000f0000000,0x00000000fdd00000)
  from space 15360K, 99% used [0x00000000ff100000,0x00000000ffffc418,0x0000000100000000)
  to   space 17920K, 0% used [0x00000000fdd00000,0x00000000fdd00000,0x00000000fee80000)
 ParOldGen       total 75264K, used 41633K [0x00000000d0000000, 0x00000000d4980000, 0x00000000f0000000)
  object space 75264K, 55% used [0x00000000d0000000,0x00000000d28a8450,0x00000000d4980000)
 PSPermGen       total 69120K, used 41661K [0x00000000c0000000, 0x00000000c4380000, 0x00000000d0000000)
  object space 69120K, 60% used [0x00000000c0000000,0x00000000c28af4c0,0x00000000c4380000)
}

